epoch,loss,mse,val_loss,val_mse
0,0.5452945232391357,0.004787564277648926,0.026497285813093185,0.0016236433293670416
1,0.27286678552627563,0.0010965709807351232,0.02033497579395771,0.0008636998245492578
2,0.21064238250255585,0.0006060536252334714,0.014566291123628616,0.0004702828882727772
3,0.18015408515930176,0.0004278430715203285,0.01379761379212141,0.0003948422381654382
4,0.16285409033298492,0.00033528340281918645,0.012463953346014023,0.00030964656616561115
5,0.14954769611358643,0.0002754396991804242,0.012434893287718296,0.0002926283050328493
6,0.1392037570476532,0.000232782811508514,0.011326402425765991,0.0002488599857315421
7,0.1317746937274933,0.0002067966852337122,0.010687094181776047,0.00021780599490739405
8,0.12626415491104126,0.000186715682502836,0.009593766182661057,0.00018031965009868145
9,0.12052829563617706,0.00016965817485470325,0.009964224882423878,0.0001883170916698873
10,0.11609315872192383,0.00015565144713036716,0.00893059466034174,0.00015611645358148962
11,0.11278581619262695,0.00014667700452264398,0.009731011465191841,0.0001756749552441761
12,0.1087176725268364,0.00013541604857891798,0.009518270380795002,0.00016935791063588113
13,0.1060529574751854,0.0001285174221266061,0.009255400858819485,0.00015898574201855808
14,0.10273412615060806,0.00012066648196196184,0.00840197317302227,0.00013492396101355553
15,0.10058117657899857,0.00011521776468725875,0.008604335598647594,0.00014143370208330452
16,0.09790639579296112,0.00010922669025603682,0.008209642954170704,0.00013131227751728147
17,0.09587650001049042,0.00010432667477289215,0.008544177748262882,0.00013613079499918967
18,0.09414765983819962,0.00010094851313624531,0.007756633684039116,0.00011931922199437395
19,0.09182234853506088,9.587599924998358e-05,0.0076582119800150394,0.00011332766734994948
20,0.09019465744495392,9.239677456207573e-05,0.007321023847907782,0.00010574141197139397
21,0.08856415003538132,8.898838859749958e-05,0.007433554157614708,0.00010885354276979342
22,0.08737456053495407,8.635349513497204e-05,0.007518457714468241,0.00011077779345214367
23,0.08533862978219986,8.253146370407194e-05,0.007087306119501591,9.86721643130295e-05
24,0.08470182865858078,8.130065543809906e-05,0.006810807157307863,9.320867684436962e-05
25,0.08273522555828094,7.769944204483181e-05,0.006908582989126444,9.3046561232768e-05
26,0.08176905661821365,7.595591159770265e-05,0.006780295167118311,9.283232793677598e-05
27,0.08063223958015442,7.414350693579763e-05,0.007298056501895189,0.00010477728210389614
28,0.07965660095214844,7.230418850667775e-05,0.006674763280898333,8.889666787581518e-05
29,0.07802965492010117,6.968325033085421e-05,0.00671993475407362,8.993015217129141e-05
30,0.07785331457853317,6.915119593031704e-05,0.0065153492614626884,8.634007826913148e-05
31,0.07628972828388214,6.688256689812988e-05,0.006689304485917091,8.727434033062309e-05
32,0.07598087936639786,6.69594737701118e-05,0.006808902602642775,9.1415764472913e-05
33,0.07499925047159195,6.516963185276836e-05,0.006505714263767004,8.335882739629596e-05
34,0.0737554281949997,6.364647560985759e-05,0.006644605193287134,8.849154983181506e-05
35,0.0738774761557579,6.449490319937468e-05,0.006394111085683107,8.369256829610094e-05
36,0.07264005392789841,6.280331581365317e-05,0.006133971735835075,7.892625581007451e-05
37,0.07225802540779114,6.253999890759587e-05,0.006313997320830822,8.186361083062366e-05
38,0.0717310830950737,6.202192162163556e-05,0.006422688718885183,8.527823956683278e-05
39,0.07025593519210815,6.021858280291781e-05,0.006229324731975794,8.161731966538355e-05
40,0.07021969556808472,6.088906593504362e-05,0.006097445264458656,7.945576362544671e-05
41,0.06907487660646439,5.9310870710760355e-05,0.006295029539614916,8.213756518671289e-05
42,0.06873165816068649,5.937890455243178e-05,0.006211197003722191,8.280110341729596e-05
43,0.06834921985864639,5.927951860940084e-05,0.006752445828169584,9.310051973443478e-05
44,0.06761666387319565,5.889251406188123e-05,0.005929362960159779,7.68128375057131e-05
45,0.06736037880182266,5.923797289142385e-05,0.0063567012548446655,8.630435331724584e-05
46,0.06694254279136658,5.92173237237148e-05,0.006107343826442957,8.210362284444273e-05
47,0.06616507470607758,5.842590326210484e-05,0.00655737379565835,8.994793461170048e-05
48,0.06560049206018448,5.8371369959786534e-05,0.006216058973222971,8.475819049635902e-05
49,0.0655401349067688,5.8993515267502517e-05,0.005753787234425545,7.717737025814131e-05
50,0.06474340707063675,5.857476935489103e-05,0.005898303352296352,8.015228377189487e-05
51,0.06412871181964874,5.826678534504026e-05,0.005870779976248741,7.956152694532648e-05
52,0.06379707902669907,5.842998143634759e-05,0.005762580782175064,7.729637582087889e-05
53,0.06352094560861588,5.832803071825765e-05,0.00563940079882741,7.606113649671897e-05
54,0.06336668133735657,5.9124799008714035e-05,0.0058560678735375404,7.994172483449802e-05
55,0.06265199929475784,5.879429227206856e-05,0.0057302238419651985,7.86034288466908e-05
56,0.06233379244804382,5.874635462532751e-05,0.005941800307482481,8.350881398655474e-05
57,0.06203825771808624,5.883993799216114e-05,0.005537186749279499,7.557336357422173e-05
58,0.06176126375794411,5.902818884351291e-05,0.005960327573120594,8.34213278722018e-05
59,0.061363495886325836,5.907433296670206e-05,0.005659871269017458,7.977762288646773e-05
60,0.06110288202762604,5.912151755183004e-05,0.005527444649487734,7.655365334358066e-05
61,0.060807857662439346,5.933614374953322e-05,0.005555071402341127,7.8173543442972e-05
62,0.06037748605012894,5.92586729908362e-05,0.005792546086013317,8.327601972268894e-05
63,0.060120731592178345,5.914231587667018e-05,0.005965384654700756,8.463986887363717e-05
64,0.05963624641299248,5.926560334046371e-05,0.005432534031569958,7.678625843254849e-05
65,0.05954861268401146,5.9515004977583885e-05,0.005567321088165045,7.932394510135055e-05
66,0.05942559242248535,5.98414299020078e-05,0.005619479343295097,8.015133789740503e-05
67,0.059050265699625015,5.978578337817453e-05,0.005624441895633936,8.131993672577664e-05
68,0.05824913829565048,5.915720612392761e-05,0.00580985564738512,8.534885273547843e-05
69,0.058418307453393936,5.991403668303974e-05,0.005362839438021183,7.759522122796625e-05
70,0.058017827570438385,5.992758087813854e-05,0.005755522754043341,8.375535981031135e-05
71,0.05770060792565346,5.993283411953598e-05,0.005435181315988302,7.922395889181644e-05
72,0.05724998190999031,5.990445788484067e-05,0.005515285301953554,8.193393296096474e-05
73,0.05728842690587044,6.071574171073735e-05,0.005452270153909922,8.120322308968753e-05
74,0.057209234684705734,6.0954578657401726e-05,0.005765637382864952,8.558981062378734e-05
